<?xml version="1.0" encoding="UTF-8"?>
<!-- Generated by org.testng.reporters.JUnitXMLReporter -->
<testsuite hostname="Fargabs-MacBook-Pro.local" ignored="3" name="Test" tests="3" failures="1" timestamp="2022-11-10T22:54:01 EST" time="0.106" errors="0">
  <testcase name="homeQuote5" time="0.034" classname="HomeTest.HomeTest"/>
  <testcase name="homeQuote3" time="0.004" classname="HomeTest.HomeTest"/>
  <testcase name="homeQuote4" time="0.004" classname="HomeTest.HomeTest">
    <failure type="java.lang.AssertionError" message="null">
      <![CDATA[java.lang.AssertionError: null
at HomeTest.HomeTest.homeQuote4(HomeTest.java:28)
at java.util.ArrayList.forEach(ArrayList.java:1259)
... Removed 29 stack frames]]>
    </failure>
  </testcase> <!-- homeQuote4 -->
  <testcase name="homeQuote2" time="0.0" classname="HomeTest.HomeTest">
    <ignored/>
  </testcase> <!-- homeQuote2 -->
  <testcase name="homeQuote1" time="0.0" classname="HomeTest.HomeTest">
    <ignored/>
  </testcase> <!-- homeQuote1 -->
  <testcase name="homeQuote6" time="0.0" classname="HomeTest.HomeTest">
    <ignored/>
  </testcase> <!-- homeQuote6 -->
</testsuite> <!-- Test -->
