<?xml version="1.0" encoding="UTF-8"?>
<testng-results skipped="0" failed="1" ignored="0" total="1" passed="0">
  <reporter-output>
    <line>
      <![CDATA[[[FirefoxDriver: firefox on MAC (bea80a89-c206-4c79-b712-8b3b4e4601dd)] -> xpath: //input[@class='-oneX-textfield__input']]:has been passed to --->[[FirefoxDriver: firefox on MAC (bea80a89-c206-4c79-b712-8b3b4e4601dd)] -> xpath: //input[@class='-oneX-textfield__input']]<br>]]>
    </line>
    <line>
      <![CDATA[[[FirefoxDriver: firefox on MAC (bea80a89-c206-4c79-b712-8b3b4e4601dd)] -> name: productName]:has been click --->[[FirefoxDriver: firefox on MAC (bea80a89-c206-4c79-b712-8b3b4e4601dd)] -> name: productName]<br>]]>
    </line>
  </reporter-output>
  <suite name="Default suite" duration-ms="7547" started-at="2022-10-29T18:57:16 EDT" finished-at="2022-10-29T18:57:23 EDT">
    <groups>
    </groups>
    <test name="Default test" duration-ms="7547" started-at="2022-10-29T18:57:16 EDT" finished-at="2022-10-29T18:57:23 EDT">
      <class name="auto.AutoTest">
        <test-method status="PASS" signature="setUpDriver()[pri:0, instance:auto.AutoTest@1990a65e]" name="setUpDriver" is-config="true" duration-ms="7006" started-at="2022-10-29T18:57:16 EDT" finished-at="2022-10-29T18:57:23 EDT">
          <reporter-output>
          </reporter-output>
        </test-method> <!-- setUpDriver -->
        <test-method status="FAIL" signature="aTest()[pri:0, instance:auto.AutoTest@1990a65e]" name="aTest" duration-ms="471" started-at="2022-10-29T18:57:23 EDT" finished-at="2022-10-29T18:57:23 EDT">
          <exception class="org.openqa.selenium.ElementClickInterceptedException">
            <message>
              <![CDATA[Element <button id="quote-main-zip-btn" class="-oneX-btn-secondary" type="submit"> is not clickable at point (429,487) because another element <span class="-oneX-formatWrapper"> obscures it
Build info: version: '4.3.0', revision: 'a4995e2c09*'
System info: host: 'Fargabs-MacBook-Pro.local', ip: 'fe80:0:0:0:14c8:41a6:f467:54b4%en0', os.name: 'Mac OS X', os.arch: 'x86_64', os.version: '12.6', java.version: '1.8.0_341'
Driver info: org.openqa.selenium.firefox.FirefoxDriver
Command: [bea80a89-c206-4c79-b712-8b3b4e4601dd, clickElement {id=0e61a8cb-4a0b-4179-8e3b-6d0ee95c6e15}]
Capabilities {acceptInsecureCerts: true, browserName: firefox, browserVersion: 105.0.3, moz:accessibilityChecks: false, moz:buildID: 20221007134813, moz:debuggerAddress: 127.0.0.1:58511, moz:geckodriverVersion: 0.32.0, moz:headless: false, moz:platformVersion: 21.6.0, moz:processID: 1643, moz:profile: /var/folders/dz/6njryvc96lx..., moz:shutdownTimeout: 60000, moz:useNonSpecCompliantPointerOrigin: false, moz:webdriverClick: true, moz:windowless: false, pageLoadStrategy: normal, platformName: MAC, proxy: Proxy(), se:cdp: ws://127.0.0.1:58511/devtoo..., se:cdpVersion: 85.0, setWindowRect: true, strictFileInteractability: false, timeouts: {implicit: 0, pageLoad: 300000, script: 30000}, unhandledPromptBehavior: dismiss and notify}
Element: [[FirefoxDriver: firefox on MAC (bea80a89-c206-4c79-b712-8b3b4e4601dd)] -> id: quote-main-zip-btn]
Session ID: bea80a89-c206-4c79-b712-8b3b4e4601dd]]>
            </message>
            <full-stacktrace>
              <![CDATA[org.openqa.selenium.ElementClickInterceptedException: Element <button id="quote-main-zip-btn" class="-oneX-btn-secondary" type="submit"> is not clickable at point (429,487) because another element <span class="-oneX-formatWrapper"> obscures it
Build info: version: '4.3.0', revision: 'a4995e2c09*'
System info: host: 'Fargabs-MacBook-Pro.local', ip: 'fe80:0:0:0:14c8:41a6:f467:54b4%en0', os.name: 'Mac OS X', os.arch: 'x86_64', os.version: '12.6', java.version: '1.8.0_341'
Driver info: org.openqa.selenium.firefox.FirefoxDriver
Command: [bea80a89-c206-4c79-b712-8b3b4e4601dd, clickElement {id=0e61a8cb-4a0b-4179-8e3b-6d0ee95c6e15}]
Capabilities {acceptInsecureCerts: true, browserName: firefox, browserVersion: 105.0.3, moz:accessibilityChecks: false, moz:buildID: 20221007134813, moz:debuggerAddress: 127.0.0.1:58511, moz:geckodriverVersion: 0.32.0, moz:headless: false, moz:platformVersion: 21.6.0, moz:processID: 1643, moz:profile: /var/folders/dz/6njryvc96lx..., moz:shutdownTimeout: 60000, moz:useNonSpecCompliantPointerOrigin: false, moz:webdriverClick: true, moz:windowless: false, pageLoadStrategy: normal, platformName: MAC, proxy: Proxy(), se:cdp: ws://127.0.0.1:58511/devtoo..., se:cdpVersion: 85.0, setWindowRect: true, strictFileInteractability: false, timeouts: {implicit: 0, pageLoad: 300000, script: 30000}, unhandledPromptBehavior: dismiss and notify}
Element: [[FirefoxDriver: firefox on MAC (bea80a89-c206-4c79-b712-8b3b4e4601dd)] -> id: quote-main-zip-btn]
Session ID: bea80a89-c206-4c79-b712-8b3b4e4601dd
at sun.reflect.NativeConstructorAccessorImpl.newInstance0(Native Method)
at sun.reflect.NativeConstructorAccessorImpl.newInstance(NativeConstructorAccessorImpl.java:62)
at sun.reflect.DelegatingConstructorAccessorImpl.newInstance(DelegatingConstructorAccessorImpl.java:45)
at java.lang.reflect.Constructor.newInstance(Constructor.java:423)
at org.openqa.selenium.remote.codec.w3c.W3CHttpResponseCodec.createException(W3CHttpResponseCodec.java:200)
at org.openqa.selenium.remote.codec.w3c.W3CHttpResponseCodec.decode(W3CHttpResponseCodec.java:133)
at org.openqa.selenium.remote.codec.w3c.W3CHttpResponseCodec.decode(W3CHttpResponseCodec.java:53)
at org.openqa.selenium.remote.HttpCommandExecutor.execute(HttpCommandExecutor.java:184)
at org.openqa.selenium.remote.service.DriverCommandExecutor.invokeExecute(DriverCommandExecutor.java:167)
at org.openqa.selenium.remote.service.DriverCommandExecutor.execute(DriverCommandExecutor.java:142)
at org.openqa.selenium.remote.RemoteWebDriver.execute(RemoteWebDriver.java:569)
at org.openqa.selenium.remote.RemoteWebElement.execute(RemoteWebElement.java:257)
at org.openqa.selenium.remote.RemoteWebElement.click(RemoteWebElement.java:78)
at sun.reflect.NativeMethodAccessorImpl.invoke0(Native Method)
at sun.reflect.NativeMethodAccessorImpl.invoke(NativeMethodAccessorImpl.java:62)
at sun.reflect.DelegatingMethodAccessorImpl.invoke(DelegatingMethodAccessorImpl.java:43)
at java.lang.reflect.Method.invoke(Method.java:498)
at org.openqa.selenium.support.pagefactory.internal.LocatingElementHandler.invoke(LocatingElementHandler.java:52)
at com.sun.proxy.$Proxy13.click(Unknown Source)
at common.CommonActions.click(CommonActions.java:27)
at page.HomePage.autoProduct(HomePage.java:26)
at auto.AutoTest.aTest(AutoTest.java:11)
at sun.reflect.NativeMethodAccessorImpl.invoke0(Native Method)
at sun.reflect.NativeMethodAccessorImpl.invoke(NativeMethodAccessorImpl.java:62)
at sun.reflect.DelegatingMethodAccessorImpl.invoke(DelegatingMethodAccessorImpl.java:43)
at java.lang.reflect.Method.invoke(Method.java:498)
at org.testng.internal.invokers.MethodInvocationHelper.invokeMethod(MethodInvocationHelper.java:135)
at org.testng.internal.invokers.TestInvoker.invokeMethod(TestInvoker.java:673)
at org.testng.internal.invokers.TestInvoker.invokeTestMethod(TestInvoker.java:220)
at org.testng.internal.invokers.MethodRunner.runInSequence(MethodRunner.java:50)
at org.testng.internal.invokers.TestInvoker$MethodInvocationAgent.invoke(TestInvoker.java:945)
at org.testng.internal.invokers.TestInvoker.invokeTestMethods(TestInvoker.java:193)
at org.testng.internal.invokers.TestMethodWorker.invokeTestMethods(TestMethodWorker.java:146)
at org.testng.internal.invokers.TestMethodWorker.run(TestMethodWorker.java:128)
at java.util.ArrayList.forEach(ArrayList.java:1259)
at org.testng.TestRunner.privateRun(TestRunner.java:808)
at org.testng.TestRunner.run(TestRunner.java:603)
at org.testng.SuiteRunner.runTest(SuiteRunner.java:429)
at org.testng.SuiteRunner.runSequentially(SuiteRunner.java:423)
at org.testng.SuiteRunner.privateRun(SuiteRunner.java:383)
at org.testng.SuiteRunner.run(SuiteRunner.java:326)
at org.testng.SuiteRunnerWorker.runSuite(SuiteRunnerWorker.java:52)
at org.testng.SuiteRunnerWorker.run(SuiteRunnerWorker.java:95)
at org.testng.TestNG.runSuitesSequentially(TestNG.java:1249)
at org.testng.TestNG.runSuitesLocally(TestNG.java:1169)
at org.testng.TestNG.runSuites(TestNG.java:1092)
at org.testng.TestNG.run(TestNG.java:1060)
at org.testng.remote.AbstractRemoteTestNG.run(AbstractRemoteTestNG.java:115)
at org.testng.remote.RemoteTestNG.initAndRun(RemoteTestNG.java:251)
at org.testng.remote.RemoteTestNG.main(RemoteTestNG.java:77)
]]>
            </full-stacktrace>
          </exception> <!-- org.openqa.selenium.ElementClickInterceptedException -->
          <reporter-output>
            <line>
              <![CDATA[[[FirefoxDriver: firefox on MAC (bea80a89-c206-4c79-b712-8b3b4e4601dd)] -> xpath: //input[@class='-oneX-textfield__input']]:has been passed to --->[[FirefoxDriver: firefox on MAC (bea80a89-c206-4c79-b712-8b3b4e4601dd)] -> xpath: //input[@class='-oneX-textfield__input']]<br>]]>
            </line>
            <line>
              <![CDATA[[[FirefoxDriver: firefox on MAC (bea80a89-c206-4c79-b712-8b3b4e4601dd)] -> name: productName]:has been click --->[[FirefoxDriver: firefox on MAC (bea80a89-c206-4c79-b712-8b3b4e4601dd)] -> name: productName]<br>]]>
            </line>
          </reporter-output>
        </test-method> <!-- aTest -->
        <test-method status="PASS" signature="closingDriverSession()[pri:0, instance:auto.AutoTest@1990a65e]" name="closingDriverSession" is-config="true" duration-ms="1" started-at="2022-10-29T18:57:23 EDT" finished-at="2022-10-29T18:57:23 EDT">
          <reporter-output>
          </reporter-output>
        </test-method> <!-- closingDriverSession -->
      </class> <!-- auto.AutoTest -->
    </test> <!-- Default test -->
  </suite> <!-- Default suite -->
</testng-results>
